This is pdfTeX, Version 3.14159265-2.6-1.40.16 (TeX Live 2015/Debian) (preloaded format=pdflatex 2019.3.6)  2 MAY 2019 11:10
entering extended mode
 restricted \write18 enabled.
 %&-line parsing enabled.
**PCP1211ExptFour.tex
(./PCP1211ExptFour.tex
LaTeX2e <2016/02/01>
Babel <3.9q> and hyphenation patterns for 3 language(s) loaded.
(/usr/share/texlive/texmf-dist/tex/latex/base/article.cls
Document Class: article 2014/09/29 v1.4h Standard LaTeX document class
(/usr/share/texlive/texmf-dist/tex/latex/base/size10.clo
File: size10.clo 2014/09/29 v1.4h Standard LaTeX file (size option)
)
\c@part=\count79
\c@section=\count80
\c@subsection=\count81
\c@subsubsection=\count82
\c@paragraph=\count83
\c@subparagraph=\count84
\c@figure=\count85
\c@table=\count86
\abovecaptionskip=\skip41
\belowcaptionskip=\skip42
\bibindent=\dimen102
)
(/usr/share/texlive/texmf-dist/tex/latex/geometry/geometry.sty
Package: geometry 2010/09/12 v5.6 Page Geometry

(/usr/share/texlive/texmf-dist/tex/latex/graphics/keyval.sty
Package: keyval 2014/10/28 v1.15 key=value parser (DPC)
\KV@toks@=\toks14
)
(/usr/share/texlive/texmf-dist/tex/generic/oberdiek/ifpdf.sty
Package: ifpdf 2011/01/30 v2.3 Provides the ifpdf switch (HO)
Package ifpdf Info: pdfTeX in PDF mode is detected.
)
(/usr/share/texlive/texmf-dist/tex/generic/oberdiek/ifvtex.sty
Package: ifvtex 2010/03/01 v1.5 Detect VTeX and its facilities (HO)
Package ifvtex Info: VTeX not detected.
)
(/usr/share/texlive/texmf-dist/tex/generic/ifxetex/ifxetex.sty
Package: ifxetex 2010/09/12 v0.6 Provides ifxetex conditional
)
\Gm@cnth=\count87
\Gm@cntv=\count88
\c@Gm@tempcnt=\count89
\Gm@bindingoffset=\dimen103
\Gm@wd@mp=\dimen104
\Gm@odd@mp=\dimen105
\Gm@even@mp=\dimen106
\Gm@layoutwidth=\dimen107
\Gm@layoutheight=\dimen108
\Gm@layouthoffset=\dimen109
\Gm@layoutvoffset=\dimen110
\Gm@dimlist=\toks15
)
(/usr/share/texlive/texmf-dist/tex/latex/graphics/color.sty
Package: color 2016/01/03 v1.1b Standard LaTeX Color (DPC)

(/usr/share/texlive/texmf-dist/tex/latex/latexconfig/color.cfg
File: color.cfg 2007/01/18 v1.5 color configuration of teTeX/TeXLive
)
Package color Info: Driver file: pdftex.def on input line 143.

(/usr/share/texlive/texmf-dist/tex/latex/pdftex-def/pdftex.def
File: pdftex.def 2011/05/27 v0.06d Graphics/color for pdfTeX

(/usr/share/texlive/texmf-dist/tex/generic/oberdiek/infwarerr.sty
Package: infwarerr 2010/04/08 v1.3 Providing info/warning/error messages (HO)
)
(/usr/share/texlive/texmf-dist/tex/generic/oberdiek/ltxcmds.sty
Package: ltxcmds 2011/11/09 v1.22 LaTeX kernel commands for general use (HO)
)
\Gread@gobject=\count90
))
(/usr/share/texlive/texmf-dist/tex/latex/graphics/graphics.sty
Package: graphics 2016/01/03 v1.0q Standard LaTeX Graphics (DPC,SPQR)

(/usr/share/texlive/texmf-dist/tex/latex/graphics/trig.sty
Package: trig 2016/01/03 v1.10 sin cos tan (DPC)
)
(/usr/share/texlive/texmf-dist/tex/latex/latexconfig/graphics.cfg
File: graphics.cfg 2010/04/23 v1.9 graphics configuration of TeX Live
)
Package graphics Info: Driver file: pdftex.def on input line 95.
)
(/usr/share/texlive/texmf-dist/tex/latex/adjustbox/adjustbox.sty
Package: adjustbox 2012/05/21 v1.0 Adjusting TeX boxes (trim, clip, ...)

(/usr/share/texlive/texmf-dist/tex/latex/xkeyval/xkeyval.sty
Package: xkeyval 2014/12/03 v2.7a package option processing (HA)

(/usr/share/texlive/texmf-dist/tex/generic/xkeyval/xkeyval.tex
(/usr/share/texlive/texmf-dist/tex/generic/xkeyval/xkvutils.tex
\XKV@toks=\toks16
\XKV@tempa@toks=\toks17
)
\XKV@depth=\count91
File: xkeyval.tex 2014/12/03 v2.7a key=value parser (HA)
))
(/usr/share/texlive/texmf-dist/tex/latex/adjustbox/adjcalc.sty
Package: adjcalc 2012/05/16 v1.1 Provides advanced setlength with multiple back
-ends (calc, etex, pgfmath)
)
(/usr/share/texlive/texmf-dist/tex/latex/adjustbox/trimclip.sty
Package: trimclip 2012/05/16 v1.0 Trim and clip general TeX material

(/usr/share/texlive/texmf-dist/tex/latex/graphics/graphicx.sty
Package: graphicx 2014/10/28 v1.0g Enhanced LaTeX Graphics (DPC,SPQR)
\Gin@req@height=\dimen111
\Gin@req@width=\dimen112
)
(/usr/share/texlive/texmf-dist/tex/latex/collectbox/collectbox.sty
Package: collectbox 2012/05/17 v0.4b Collect macro arguments as boxes
\collectedbox=\box26
)
\tc@llx=\dimen113
\tc@lly=\dimen114
\tc@urx=\dimen115
\tc@ury=\dimen116
Package trimclip Info: Using driver 'tc-pdftex.def'.

(/usr/share/texlive/texmf-dist/tex/latex/adjustbox/tc-pdftex.def
File: tc-pdftex.def 2012/05/13 v1.0 Clipping driver for pdftex
))
\adjbox@Width=\dimen117
\adjbox@Height=\dimen118
\adjbox@Depth=\dimen119
\adjbox@Totalheight=\dimen120

(/usr/share/texlive/texmf-dist/tex/latex/ifoddpage/ifoddpage.sty
Package: ifoddpage 2011/09/13 v1.0 Conditionals for odd/even page detection
\c@checkoddpage=\count92
)
(/usr/share/texlive/texmf-dist/tex/latex/varwidth/varwidth.sty
Package: varwidth 2009/03/30 ver 0.92;  Variable-width minipages
\@vwid@box=\box27
\sift@deathcycles=\count93
\@vwid@loff=\dimen121
\@vwid@roff=\dimen122
))
(/usr/share/texlive/texmf-dist/tex/latex/lipsum/lipsum.sty
Package: lipsum 2014/07/27 v1.3 150 paragraphs of Lorem Ipsum dummy text
\c@lips@count=\count94
)
(/usr/share/texlive/texmf-dist/tex/latex/comment/comment.sty
\CommentStream=\write3

Excluding comment 'comment')
(/usr/share/texlive/texmf-dist/tex/latex/oberdiek/grffile.sty
Package: grffile 2012/04/05 v1.16 Extended file name support for graphics (HO)

(/usr/share/texlive/texmf-dist/tex/latex/oberdiek/kvoptions.sty
Package: kvoptions 2011/06/30 v3.11 Key value format for package options (HO)

(/usr/share/texlive/texmf-dist/tex/generic/oberdiek/kvsetkeys.sty
Package: kvsetkeys 2012/04/25 v1.16 Key value parser (HO)

(/usr/share/texlive/texmf-dist/tex/generic/oberdiek/etexcmds.sty
Package: etexcmds 2011/02/16 v1.5 Avoid name clashes with e-TeX commands (HO)

(/usr/share/texlive/texmf-dist/tex/generic/oberdiek/ifluatex.sty
Package: ifluatex 2010/03/01 v1.3 Provides the ifluatex switch (HO)
Package ifluatex Info: LuaTeX not detected.
)
Package etexcmds Info: Could not find \expanded.
(etexcmds)             That can mean that you are not using pdfTeX 1.50 or
(etexcmds)             that some package has redefined \expanded.
(etexcmds)             In the latter case, load this package earlier.
)))
(/usr/share/texlive/texmf-dist/tex/generic/oberdiek/pdftexcmds.sty
Package: pdftexcmds 2011/11/29 v0.20 Utility functions of pdfTeX for LuaTeX (HO
)
Package pdftexcmds Info: LuaTeX not detected.
Package pdftexcmds Info: \pdf@primitive is available.
Package pdftexcmds Info: \pdf@ifprimitive is available.
Package pdftexcmds Info: \pdfdraftmode found.
)
Package grffile Info: Option `multidot' is set to `true'.
Package grffile Info: Option `extendedchars' is set to `false'.
Package grffile Info: Option `space' is set to `true'.
Package grffile Info: \Gin@ii of package `graphicx' fixed on input line 486.
)
(/usr/share/texlive/texmf-dist/tex/latex/hyperref/hyperref.sty
Package: hyperref 2012/11/06 v6.83m Hypertext links for LaTeX

(/usr/share/texlive/texmf-dist/tex/generic/oberdiek/hobsub-hyperref.sty
Package: hobsub-hyperref 2012/05/28 v1.13 Bundle oberdiek, subset hyperref (HO)


(/usr/share/texlive/texmf-dist/tex/generic/oberdiek/hobsub-generic.sty
Package: hobsub-generic 2012/05/28 v1.13 Bundle oberdiek, subset generic (HO)
Package: hobsub 2012/05/28 v1.13 Construct package bundles (HO)
Package hobsub Info: Skipping package `infwarerr' (already loaded).
Package hobsub Info: Skipping package `ltxcmds' (already loaded).
Package hobsub Info: Skipping package `ifluatex' (already loaded).
Package hobsub Info: Skipping package `ifvtex' (already loaded).
Package: intcalc 2007/09/27 v1.1 Expandable calculations with integers (HO)
Package hobsub Info: Skipping package `ifpdf' (already loaded).
Package hobsub Info: Skipping package `etexcmds' (already loaded).
Package hobsub Info: Skipping package `kvsetkeys' (already loaded).
Package: kvdefinekeys 2011/04/07 v1.3 Define keys (HO)
Package hobsub Info: Skipping package `pdftexcmds' (already loaded).
Package: pdfescape 2011/11/25 v1.13 Implements pdfTeX's escape features (HO)
Package: bigintcalc 2012/04/08 v1.3 Expandable calculations on big integers (HO
)
Package: bitset 2011/01/30 v1.1 Handle bit-vector datatype (HO)
Package: uniquecounter 2011/01/30 v1.2 Provide unlimited unique counter (HO)
)
Package hobsub Info: Skipping package `hobsub' (already loaded).
Package: letltxmacro 2010/09/02 v1.4 Let assignment for LaTeX macros (HO)
Package: hopatch 2012/05/28 v1.2 Wrapper for package hooks (HO)
Package: xcolor-patch 2011/01/30 xcolor patch
Package: atveryend 2011/06/30 v1.8 Hooks at the very end of document (HO)
Package atveryend Info: \enddocument detected (standard20110627).
Package: atbegshi 2011/10/05 v1.16 At begin shipout hook (HO)
Package: refcount 2011/10/16 v3.4 Data extraction from label references (HO)
Package: hycolor 2011/01/30 v1.7 Color options for hyperref/bookmark (HO)
)
(/usr/share/texlive/texmf-dist/tex/latex/oberdiek/auxhook.sty
Package: auxhook 2011/03/04 v1.3 Hooks for auxiliary files (HO)
)
\@linkdim=\dimen123
\Hy@linkcounter=\count95
\Hy@pagecounter=\count96

(/usr/share/texlive/texmf-dist/tex/latex/hyperref/pd1enc.def
File: pd1enc.def 2012/11/06 v6.83m Hyperref: PDFDocEncoding definition (HO)
)
\Hy@SavedSpaceFactor=\count97

(/usr/share/texlive/texmf-dist/tex/latex/latexconfig/hyperref.cfg
File: hyperref.cfg 2002/06/06 v1.2 hyperref configuration of TeXLive
)
Package hyperref Info: Hyper figures OFF on input line 4443.
Package hyperref Info: Link nesting OFF on input line 4448.
Package hyperref Info: Hyper index ON on input line 4451.
Package hyperref Info: Plain pages OFF on input line 4458.
Package hyperref Info: Backreferencing OFF on input line 4463.
Package hyperref Info: Implicit mode ON; LaTeX internals redefined.
Package hyperref Info: Bookmarks ON on input line 4688.
\c@Hy@tempcnt=\count98

(/usr/share/texlive/texmf-dist/tex/latex/url/url.sty
\Urlmuskip=\muskip10
Package: url 2013/09/16  ver 3.4  Verb mode for urls, etc.
)
LaTeX Info: Redefining \url on input line 5041.
\XeTeXLinkMargin=\dimen124
\Fld@menulength=\count99
\Field@Width=\dimen125
\Fld@charsize=\dimen126
Package hyperref Info: Hyper figures OFF on input line 6295.
Package hyperref Info: Link nesting OFF on input line 6300.
Package hyperref Info: Hyper index ON on input line 6303.
Package hyperref Info: backreferencing OFF on input line 6310.
Package hyperref Info: Link coloring OFF on input line 6315.
Package hyperref Info: Link coloring with OCG OFF on input line 6320.
Package hyperref Info: PDF/A mode OFF on input line 6325.
LaTeX Info: Redefining \ref on input line 6365.
LaTeX Info: Redefining \pageref on input line 6369.
\Hy@abspage=\count100
\c@Item=\count101
\c@Hfootnote=\count102
)

Package hyperref Message: Driver (autodetected): hpdftex.

(/usr/share/texlive/texmf-dist/tex/latex/hyperref/hpdftex.def
File: hpdftex.def 2012/11/06 v6.83m Hyperref driver for pdfTeX
\Fld@listcount=\count103
\c@bookmark@seq@number=\count104

(/usr/share/texlive/texmf-dist/tex/latex/oberdiek/rerunfilecheck.sty
Package: rerunfilecheck 2011/04/15 v1.7 Rerun checks for auxiliary files (HO)
Package uniquecounter Info: New unique counter `rerunfilecheck' on input line 2
82.
)
\Hy@SectionHShift=\skip43
)
(/usr/share/texlive/texmf-dist/tex/latex/listings/listings.sty
\lst@mode=\count105
\lst@gtempboxa=\box28
\lst@token=\toks18
\lst@length=\count106
\lst@currlwidth=\dimen127
\lst@column=\count107
\lst@pos=\count108
\lst@lostspace=\dimen128
\lst@width=\dimen129
\lst@newlines=\count109
\lst@lineno=\count110
\lst@maxwidth=\dimen130

(/usr/share/texlive/texmf-dist/tex/latex/listings/lstmisc.sty
File: lstmisc.sty 2015/06/04 1.6 (Carsten Heinz)
\c@lstnumber=\count111
\lst@skipnumbers=\count112
\lst@framebox=\box29
)
(/usr/share/texlive/texmf-dist/tex/latex/listings/listings.cfg
File: listings.cfg 2015/06/04 1.6 listings configuration
))
Package: listings 2015/06/04 1.6 (Carsten Heinz)

(/usr/share/texlive/texmf-dist/tex/latex/psnfss/helvet.sty
Package: helvet 2005/04/12 PSNFSS-v9.2a (WaS) 
)
(/usr/share/texlive/texmf-dist/tex/latex/pdfpages/pdfpages.sty
Package: pdfpages 2015/09/18 v0.5d Insert pages of external PDF documents (AM)

(/usr/share/texlive/texmf-dist/tex/latex/base/ifthen.sty
Package: ifthen 2014/09/29 v1.1c Standard LaTeX ifthen package (DPC)
)
(/usr/share/texlive/texmf-dist/tex/latex/tools/calc.sty
Package: calc 2014/10/28 v4.3 Infix arithmetic (KKT,FJ)
\calc@Acount=\count113
\calc@Bcount=\count114
\calc@Adimen=\dimen131
\calc@Bdimen=\dimen132
\calc@Askip=\skip44
\calc@Bskip=\skip45
LaTeX Info: Redefining \setlength on input line 80.
LaTeX Info: Redefining \addtolength on input line 81.
\calc@Ccount=\count115
\calc@Cskip=\skip46
)
(/usr/share/texlive/texmf-dist/tex/latex/eso-pic/eso-pic.sty
Package: eso-pic 2015/07/21 v2.0g eso-pic (RN)
)
\AM@pagewidth=\dimen133
\AM@pageheight=\dimen134

(/usr/share/texlive/texmf-dist/tex/latex/pdfpages/pppdftex.def
File: pppdftex.def 2015/09/18 v0.5d Pdfpages driver for pdfTeX (AM)
)
\AM@pagebox=\box30
\AM@toc@title=\toks19
\c@AM@survey=\count116
\AM@templatesizebox=\box31
)
(/usr/share/texlive/texmf-dist/tex/latex/listings/lstlang1.sty
File: lstlang1.sty 2015/06/04 1.6 listings language file
)
(./PCP1211ExptFour.aux)
\openout1 = `PCP1211ExptFour.aux'.

LaTeX Font Info:    Checking defaults for OML/cmm/m/it on input line 36.
LaTeX Font Info:    ... okay on input line 36.
LaTeX Font Info:    Checking defaults for T1/cmr/m/n on input line 36.
LaTeX Font Info:    ... okay on input line 36.
LaTeX Font Info:    Checking defaults for OT1/cmr/m/n on input line 36.
LaTeX Font Info:    ... okay on input line 36.
LaTeX Font Info:    Checking defaults for OMS/cmsy/m/n on input line 36.
LaTeX Font Info:    ... okay on input line 36.
LaTeX Font Info:    Checking defaults for OMX/cmex/m/n on input line 36.
LaTeX Font Info:    ... okay on input line 36.
LaTeX Font Info:    Checking defaults for U/cmr/m/n on input line 36.
LaTeX Font Info:    ... okay on input line 36.
LaTeX Font Info:    Checking defaults for PD1/pdf/m/n on input line 36.
LaTeX Font Info:    ... okay on input line 36.

*geometry* driver: auto-detecting
*geometry* detected driver: pdftex
*geometry* verbose mode - [ preamble ] result:
* driver: pdftex
* paper: a4paper
* layout: <same size as paper>
* layoutoffset:(h,v)=(0.0pt,0.0pt)
* modes: 
* h-part:(L,W,R)=(56.9055pt, 512.14963pt, 28.45274pt)
* v-part:(T,H,B)=(99.58464pt, 702.78308pt, 42.67912pt)
* \paperwidth=597.50787pt
* \paperheight=845.04684pt
* \textwidth=512.14963pt
* \textheight=702.78308pt
* \oddsidemargin=-15.36449pt
* \evensidemargin=-15.36449pt
* \topmargin=-9.68535pt
* \headheight=12.0pt
* \headsep=25.0pt
* \topskip=10.0pt
* \footskip=30.0pt
* \marginparwidth=57.0pt
* \marginparsep=11.0pt
* \columnsep=10.0pt
* \skip\footins=9.0pt plus 4.0pt minus 2.0pt
* \hoffset=0.0pt
* \voffset=0.0pt
* \mag=1000
* \@twocolumnfalse
* \@twosidefalse
* \@mparswitchfalse
* \@reversemarginfalse
* (1in=72.27pt=25.4mm, 1cm=28.453pt)

(/usr/share/texlive/texmf-dist/tex/context/base/supp-pdf.mkii
[Loading MPS to PDF converter (version 2006.09.02).]
\scratchcounter=\count117
\scratchdimen=\dimen135
\scratchbox=\box32
\nofMPsegments=\count118
\nofMParguments=\count119
\everyMPshowfont=\toks20
\MPscratchCnt=\count120
\MPscratchDim=\dimen136
\MPnumerator=\count121
\makeMPintoPDFobject=\count122
\everyMPtoPDFconversion=\toks21
) (/usr/share/texlive/texmf-dist/tex/latex/oberdiek/epstopdf-base.sty
Package: epstopdf-base 2010/02/09 v2.5 Base part for package epstopdf

(/usr/share/texlive/texmf-dist/tex/latex/oberdiek/grfext.sty
Package: grfext 2010/08/19 v1.1 Manage graphics extensions (HO)
)
Package grfext Info: Graphics extension search list:
(grfext)             [.png,.pdf,.jpg,.mps,.jpeg,.jbig2,.jb2,.PNG,.PDF,.JPG,.JPE
G,.JBIG2,.JB2,.eps]
(grfext)             \AppendGraphicsExtensions on input line 452.

(/usr/share/texlive/texmf-dist/tex/latex/latexconfig/epstopdf-sys.cfg
File: epstopdf-sys.cfg 2010/07/13 v1.3 Configuration of (r)epstopdf for TeX Liv
e
))
\AtBeginShipoutBox=\box33
Package hyperref Info: Link coloring OFF on input line 36.

(/usr/share/texlive/texmf-dist/tex/latex/hyperref/nameref.sty
Package: nameref 2012/10/27 v2.43 Cross-referencing by name of section

(/usr/share/texlive/texmf-dist/tex/generic/oberdiek/gettitlestring.sty
Package: gettitlestring 2010/12/03 v1.4 Cleanup title references (HO)
)
\c@section@level=\count123
)
LaTeX Info: Redefining \ref on input line 36.
LaTeX Info: Redefining \pageref on input line 36.
LaTeX Info: Redefining \nameref on input line 36.

(./PCP1211ExptFour.out) (./PCP1211ExptFour.out)
\@outlinefile=\write4
\openout4 = `PCP1211ExptFour.out'.

\c@lstlisting=\count124

(/usr/share/texlive/texmf-dist/tex/latex/oberdiek/pdflscape.sty
Package: pdflscape 2008/08/11 v0.10 Display of landscape pages in PDF (HO)

(/usr/share/texlive/texmf-dist/tex/latex/graphics/lscape.sty
Package: lscape 2000/10/22 v3.01 Landscape Pages (DPC)
)
Package pdflscape Info: Auto-detected driver: pdftex on input line 80.
)
LaTeX Font Info:    Try loading font information for OMS+cmr on input line 54.

(/usr/share/texlive/texmf-dist/tex/latex/base/omscmr.fd
File: omscmr.fd 2014/09/29 v2.5h Standard LaTeX font definitions
)
LaTeX Font Info:    Font shape `OMS/cmr/m/n' in size <10> not available
(Font)              Font shape `OMS/cmsy/m/n' tried instead on input line 54.
Missing character: There is no â in font cmr10!
Missing character: There is no € in font cmr10!
Missing character: There is no “ in font cmr10!
 [1

{/var/lib/texmf/fonts/map/pdftex/updmap/pdftex.map}]
<exptFourScreenShot/HadoopMultiNodeComponents.jpg, id=36, 640.3925pt x 360.3462
5pt>
File: exptFourScreenShot/HadoopMultiNodeComponents.jpg Graphic file (type jpg)
 <use exptFourScreenShot/HadoopMultiNodeComponents.jpg>
Package pdftex.def Info: exptFourScreenShot/HadoopMultiNodeComponents.jpg used 
on input line 99.
(pdftex.def)             Requested size: 288.17395pt x 162.15431pt.

<exptFourScreenShot/HadoopMultiNode.png, id=37, 442.65375pt x 465.23813pt>
File: exptFourScreenShot/HadoopMultiNode.png Graphic file (type png)

<use exptFourScreenShot/HadoopMultiNode.png>
Package pdftex.def Info: exptFourScreenShot/HadoopMultiNode.png used on input l
ine 106.
(pdftex.def)             Requested size: 199.19234pt x 209.35521pt.
 [2 <./exptFourScreenShot/HadoopMultiNodeComponents.jpg> <./exptFourScreenShot/
HadoopMultiNode.png>]
<exptFourScreenShot/NetConfInNodes.png, id=51, 446.66875pt x 84.315pt>
File: exptFourScreenShot/NetConfInNodes.png Graphic file (type png)

<use exptFourScreenShot/NetConfInNodes.png>
Package pdftex.def Info: exptFourScreenShot/NetConfInNodes.png used on input li
ne 149.
(pdftex.def)             Requested size: 200.99907pt x 37.94138pt.
 [3 <./exptFourScreenShot/NetConfInNodes.png>]
LaTeX Font Info:    Try loading font information for OT1+ptm on input line 157.

 (/usr/share/texlive/texmf-dist/tex/latex/psnfss/ot1ptm.fd
File: ot1ptm.fd 2001/06/04 font definitions for OT1/ptm.
)
<exptFourScreenShot/sshAccess.png, id=58, 745.78625pt x 61.22874pt>
File: exptFourScreenShot/sshAccess.png Graphic file (type png)

<use exptFourScreenShot/sshAccess.png>
Package pdftex.def Info: exptFourScreenShot/sshAccess.png used on input line 15
9.
(pdftex.def)             Requested size: 335.60071pt x 27.55266pt.

<exptFourScreenShot/sshMaster.png, id=59, 735.74875pt x 202.7575pt>
File: exptFourScreenShot/sshMaster.png Graphic file (type png)

<use exptFourScreenShot/sshMaster.png>
Package pdftex.def Info: exptFourScreenShot/sshMaster.png used on input line 16
4.
(pdftex.def)             Requested size: 331.08388pt x 91.24002pt.

<exptFourScreenShot/sshSlave.png, id=60, 737.75626pt x 189.70876pt>
File: exptFourScreenShot/sshSlave.png Graphic file (type png)

<use exptFourScreenShot/sshSlave.png>
Package pdftex.def Info: exptFourScreenShot/sshSlave.png used on input line 169
.
(pdftex.def)             Requested size: 331.98724pt x 85.36813pt.

<Ex-4-hadoop-installation-multi.pdf, id=61, 597.23125pt x 845.1575pt>
File: Ex-4-hadoop-installation-multi.pdf Graphic file (type pdf)

<use Ex-4-hadoop-installation-multi.pdf>
Package pdftex.def Info: Ex-4-hadoop-installation-multi.pdf used on input line 
179.
(pdftex.def)             Requested size: 597.22978pt x 845.15544pt.
File: Ex-4-hadoop-installation-multi.pdf Graphic file (type pdf)

<use Ex-4-hadoop-installation-multi.pdf>
Package pdftex.def Info: Ex-4-hadoop-installation-multi.pdf used on input line 
179.
(pdftex.def)             Requested size: 597.22978pt x 845.15544pt.

<Ex-4-hadoop-installation-multi.pdf, id=64, page=1, 597.23125pt x 845.1575pt>
File: Ex-4-hadoop-installation-multi.pdf Graphic file (type pdf)

<use Ex-4-hadoop-installation-multi.pdf, page 1>
Package pdftex.def Info: Ex-4-hadoop-installation-multi.pdf, page1 used on inpu
t line 179.
(pdftex.def)             Requested size: 615.14594pt x 870.50906pt.
 [4 <./exptFourScreenShot/sshAccess.png> <./exptFourScreenShot/sshMaster.png> <
./exptFourScreenShot/sshSlave.png>]
File: Ex-4-hadoop-installation-multi.pdf Graphic file (type pdf)
 <use Ex-4-hadoop-installation-multi.pdf, page 1>
Package pdftex.def Info: Ex-4-hadoop-installation-multi.pdf, page1 used on inpu
t line 179.
(pdftex.def)             Requested size: 615.14594pt x 870.50906pt.
File: Ex-4-hadoop-installation-multi.pdf Graphic file (type pdf)

<use Ex-4-hadoop-installation-multi.pdf, page 1>
Package pdftex.def Info: Ex-4-hadoop-installation-multi.pdf, page1 used on inpu
t line 179.
(pdftex.def)             Requested size: 615.14594pt x 870.50906pt.
File: Ex-4-hadoop-installation-multi.pdf Graphic file (type pdf)

<use Ex-4-hadoop-installation-multi.pdf, page 1>
Package pdftex.def Info: Ex-4-hadoop-installation-multi.pdf, page1 used on inpu
t line 179.
(pdftex.def)             Requested size: 615.14594pt x 870.50906pt.
 [5 <./Ex-4-hadoop-installation-multi.pdf>]
File: Ex-4-hadoop-installation-multi.pdf Graphic file (type pdf)
 <use Ex-4-hadoop-installation-multi.pdf>
Package pdftex.def Info: Ex-4-hadoop-installation-multi.pdf used on input line 
180.
(pdftex.def)             Requested size: 597.22978pt x 845.15544pt.
File: Ex-4-hadoop-installation-multi.pdf Graphic file (type pdf)

<use Ex-4-hadoop-installation-multi.pdf>
Package pdftex.def Info: Ex-4-hadoop-installation-multi.pdf used on input line 
180.
(pdftex.def)             Requested size: 597.22978pt x 845.15544pt.

<Ex-4-hadoop-installation-multi.pdf, id=103, page=2, 597.23125pt x 845.1575pt>
File: Ex-4-hadoop-installation-multi.pdf Graphic file (type pdf)

<use Ex-4-hadoop-installation-multi.pdf, page 2>
Package pdftex.def Info: Ex-4-hadoop-installation-multi.pdf, page2 used on inpu
t line 180.
(pdftex.def)             Requested size: 615.14594pt x 870.50906pt.
File: Ex-4-hadoop-installation-multi.pdf Graphic file (type pdf)

<use Ex-4-hadoop-installation-multi.pdf, page 2>
Package pdftex.def Info: Ex-4-hadoop-installation-multi.pdf, page2 used on inpu
t line 180.
(pdftex.def)             Requested size: 615.14594pt x 870.50906pt.
File: Ex-4-hadoop-installation-multi.pdf Graphic file (type pdf)

<use Ex-4-hadoop-installation-multi.pdf, page 2>
Package pdftex.def Info: Ex-4-hadoop-installation-multi.pdf, page2 used on inpu
t line 180.
(pdftex.def)             Requested size: 615.14594pt x 870.50906pt.
File: Ex-4-hadoop-installation-multi.pdf Graphic file (type pdf)

<use Ex-4-hadoop-installation-multi.pdf, page 2>
Package pdftex.def Info: Ex-4-hadoop-installation-multi.pdf, page2 used on inpu
t line 180.
(pdftex.def)             Requested size: 615.14594pt x 870.50906pt.
 [6 <./Ex-4-hadoop-installation-multi.pdf>]
File: Ex-4-hadoop-installation-multi.pdf Graphic file (type pdf)
 <use Ex-4-hadoop-installation-multi.pdf>
Package pdftex.def Info: Ex-4-hadoop-installation-multi.pdf used on input line 
181.
(pdftex.def)             Requested size: 597.22978pt x 845.15544pt.
File: Ex-4-hadoop-installation-multi.pdf Graphic file (type pdf)

<use Ex-4-hadoop-installation-multi.pdf>
Package pdftex.def Info: Ex-4-hadoop-installation-multi.pdf used on input line 
181.
(pdftex.def)             Requested size: 597.22978pt x 845.15544pt.

<Ex-4-hadoop-installation-multi.pdf, id=110, page=3, 597.23125pt x 845.1575pt>
File: Ex-4-hadoop-installation-multi.pdf Graphic file (type pdf)

<use Ex-4-hadoop-installation-multi.pdf, page 3>
Package pdftex.def Info: Ex-4-hadoop-installation-multi.pdf, page3 used on inpu
t line 181.
(pdftex.def)             Requested size: 615.14594pt x 870.50906pt.
File: Ex-4-hadoop-installation-multi.pdf Graphic file (type pdf)

<use Ex-4-hadoop-installation-multi.pdf, page 3>
Package pdftex.def Info: Ex-4-hadoop-installation-multi.pdf, page3 used on inpu
t line 181.
(pdftex.def)             Requested size: 615.14594pt x 870.50906pt.
File: Ex-4-hadoop-installation-multi.pdf Graphic file (type pdf)

<use Ex-4-hadoop-installation-multi.pdf, page 3>
Package pdftex.def Info: Ex-4-hadoop-installation-multi.pdf, page3 used on inpu
t line 181.
(pdftex.def)             Requested size: 615.14594pt x 870.50906pt.
File: Ex-4-hadoop-installation-multi.pdf Graphic file (type pdf)

<use Ex-4-hadoop-installation-multi.pdf, page 3>
Package pdftex.def Info: Ex-4-hadoop-installation-multi.pdf, page3 used on inpu
t line 181.
(pdftex.def)             Requested size: 615.14594pt x 870.50906pt.
 [7 <./Ex-4-hadoop-installation-multi.pdf>]
File: Ex-4-hadoop-installation-multi.pdf Graphic file (type pdf)
 <use Ex-4-hadoop-installation-multi.pdf>
Package pdftex.def Info: Ex-4-hadoop-installation-multi.pdf used on input line 
182.
(pdftex.def)             Requested size: 597.22978pt x 845.15544pt.
File: Ex-4-hadoop-installation-multi.pdf Graphic file (type pdf)

<use Ex-4-hadoop-installation-multi.pdf>
Package pdftex.def Info: Ex-4-hadoop-installation-multi.pdf used on input line 
182.
(pdftex.def)             Requested size: 597.22978pt x 845.15544pt.

<Ex-4-hadoop-installation-multi.pdf, id=118, page=4, 597.23125pt x 845.1575pt>
File: Ex-4-hadoop-installation-multi.pdf Graphic file (type pdf)

<use Ex-4-hadoop-installation-multi.pdf, page 4>
Package pdftex.def Info: Ex-4-hadoop-installation-multi.pdf, page4 used on inpu
t line 182.
(pdftex.def)             Requested size: 615.14594pt x 870.50906pt.
File: Ex-4-hadoop-installation-multi.pdf Graphic file (type pdf)

<use Ex-4-hadoop-installation-multi.pdf, page 4>
Package pdftex.def Info: Ex-4-hadoop-installation-multi.pdf, page4 used on inpu
t line 182.
(pdftex.def)             Requested size: 615.14594pt x 870.50906pt.
File: Ex-4-hadoop-installation-multi.pdf Graphic file (type pdf)

<use Ex-4-hadoop-installation-multi.pdf, page 4>
Package pdftex.def Info: Ex-4-hadoop-installation-multi.pdf, page4 used on inpu
t line 182.
(pdftex.def)             Requested size: 615.14594pt x 870.50906pt.
File: Ex-4-hadoop-installation-multi.pdf Graphic file (type pdf)

<use Ex-4-hadoop-installation-multi.pdf, page 4>
Package pdftex.def Info: Ex-4-hadoop-installation-multi.pdf, page4 used on inpu
t line 182.
(pdftex.def)             Requested size: 615.14594pt x 870.50906pt.
 [8 <./Ex-4-hadoop-installation-multi.pdf>]
Package atveryend Info: Empty hook `BeforeClearDocument' on input line 184.
Package atveryend Info: Empty hook `AfterLastShipout' on input line 184.
 (./PCP1211ExptFour.aux)
Package atveryend Info: Executing hook `AtVeryEndDocument' on input line 184.
Package atveryend Info: Executing hook `AtEndAfterFileList' on input line 184.
Package rerunfilecheck Info: File `PCP1211ExptFour.out' has not changed.
(rerunfilecheck)             Checksum: 76B25713968BCDA0E68335741D8EC31D;200.
Package atveryend Info: Empty hook `AtVeryVeryEnd' on input line 184.
 ) 
Here is how much of TeX's memory you used:
 8644 strings out of 494953
 131271 string characters out of 6180978
 346617 words of memory out of 5000000
 11766 multiletter control sequences out of 15000+600000
 6445 words of font info for 20 fonts, out of 8000000 for 9000
 14 hyphenation exceptions out of 8191
 39i,19n,72p,287b,576s stack positions out of 5000i,500n,10000p,200000b,80000s
{/usr/share/texlive/texmf-dist/fonts/enc/dvips/base/8r.enc}</usr/share/texliv
e/texmf-dist/fonts/type1/public/amsfonts/cm/cmbx10.pfb></usr/share/texlive/texm
f-dist/fonts/type1/public/amsfonts/cm/cmbx12.pfb></usr/share/texlive/texmf-dist
/fonts/type1/public/amsfonts/cm/cmr10.pfb></usr/share/texlive/texmf-dist/fonts/
type1/public/amsfonts/cm/cmsy10.pfb></usr/share/texlive/texmf-dist/fonts/type1/
urw/times/utmr8a.pfb>
Output written on PCP1211ExptFour.pdf (8 pages, 236562 bytes).
PDF statistics:
 152 PDF objects out of 1000 (max. 8388607)
 108 compressed objects within 2 object streams
 33 named destinations out of 1000 (max. 500000)
 128 words of extra memory for PDF output out of 10000 (max. 10000000)

